app/build/intermediates/manifest_merge_blame_file/debug/processDebugMainManifest/manifest-merger-blame-debug-report.txt
1<?xml version="1.0" encoding="utf-8"?>
2<manifest xmlns:android="http://schemas.android.com/apk/res/android"
3    package="com.camraw.app"
4    android:versionCode="1"
5    android:versionName="0.1.0" >
6
7    <uses-sdk
8        android:minSdkVersion="29"
9        android:targetSdkVersion="36" />
10
11    <uses-feature
11-->src/main/AndroidManifest.xml:3:5-5:36
12        android:name="android.hardware.camera"
12-->src/main/AndroidManifest.xml:4:9-47
13        android:required="false" />
13-->src/main/AndroidManifest.xml:5:9-33
14    <uses-feature
14-->src/main/AndroidManifest.xml:6:5-8:36
15        android:name="android.hardware.usb.host"
15-->src/main/AndroidManifest.xml:7:9-49
16        android:required="false" />
16-->src/main/AndroidManifest.xml:8:9-33
17
18    <uses-permission android:name="android.permission.CAMERA" />
18-->src/main/AndroidManifest.xml:10:5-65
18-->src/main/AndroidManifest.xml:10:22-62
19
20    <permission
20-->[androidx.core:core:1.16.0] AndroidManifest.xml:22:5-24:47
21        android:name="com.camraw.app.DYNAMIC_RECEIVER_NOT_EXPORTED_PERMISSION"
21-->[androidx.core:core:1.16.0] AndroidManifest.xml:23:9-81
22        android:protectionLevel="signature" />
22-->[androidx.core:core:1.16.0] AndroidManifest.xml:24:9-44
23
24    <uses-permission android:name="com.camraw.app.DYNAMIC_RECEIVER_NOT_EXPORTED_PERMISSION" />
24-->[androidx.core:core:1.16.0] AndroidManifest.xml:26:5-97
24-->[androidx.core:core:1.16.0] AndroidManifest.xml:26:22-94
25
26    <application
26-->src/main/AndroidManifest.xml:12:5-29:19
27        android:name="com.camraw.app.CamrawApplication"
27-->src/main/AndroidManifest.xml:13:9-42
28        android:allowBackup="true"
28-->src/main/AndroidManifest.xml:14:9-35
29        android:appComponentFactory="androidx.core.app.CoreComponentFactory"
29-->[androidx.core:core:1.16.0] AndroidManifest.xml:28:18-86
30        android:debuggable="true"
31        android:extractNativeLibs="false"
32        android:icon="@drawable/ic_launcher_foreground"
32-->src/main/AndroidManifest.xml:15:9-56
33        android:label="@string/app_name"
33-->src/main/AndroidManifest.xml:16:9-41
34        android:roundIcon="@drawable/ic_launcher_foreground"
34-->src/main/AndroidManifest.xml:17:9-61
35        android:supportsRtl="true"
35-->src/main/AndroidManifest.xml:18:9-35
36        android:theme="@style/Theme.CAMRAW" >
36-->src/main/AndroidManifest.xml:19:9-44
37        <activity
37-->src/main/AndroidManifest.xml:20:9-28:20
38            android:name="com.camraw.app.MainActivity"
38-->src/main/AndroidManifest.xml:21:13-41
39            android:configChanges="keyboard|keyboardHidden|orientation|screenLayout|screenSize|smallestScreenSize|uiMode"
39-->src/main/AndroidManifest.xml:22:13-122
40            android:exported="true" >
40-->src/main/AndroidManifest.xml:23:13-36
41            <intent-filter>
41-->src/main/AndroidManifest.xml:24:13-27:29
42                <action android:name="android.intent.action.MAIN" />
42-->src/main/AndroidManifest.xml:25:17-69
42-->src/main/AndroidManifest.xml:25:25-66
43
44                <category android:name="android.intent.category.LAUNCHER" />
44-->src/main/AndroidManifest.xml:26:17-77
44-->src/main/AndroidManifest.xml:26:27-74
45            </intent-filter>
46        </activity>
47        <activity
47-->[androidx.compose.ui:ui-tooling-android:1.11.0] AndroidManifest.xml:23:9-25:39
48            android:name="androidx.compose.ui.tooling.PreviewActivity"
48-->[androidx.compose.ui:ui-tooling-android:1.11.0] AndroidManifest.xml:24:13-71
49            android:exported="true" />
49-->[androidx.compose.ui:ui-tooling-android:1.11.0] AndroidManifest.xml:25:13-36
50
51        <provider
51-->[androidx.emoji2:emoji2:1.4.0] AndroidManifest.xml:24:9-32:20
52            android:name="androidx.startup.InitializationProvider"
52-->[androidx.emoji2:emoji2:1.4.0] AndroidManifest.xml:25:13-67
53            android:authorities="com.camraw.app.androidx-startup"
53-->[androidx.emoji2:emoji2:1.4.0] AndroidManifest.xml:26:13-68
54            android:exported="false" >
54-->[androidx.emoji2:emoji2:1.4.0] AndroidManifest.xml:27:13-37
55            <meta-data
55-->[androidx.emoji2:emoji2:1.4.0] AndroidManifest.xml:29:13-31:52
56                android:name="androidx.emoji2.text.EmojiCompatInitializer"
56-->[androidx.emoji2:emoji2:1.4.0] AndroidManifest.xml:30:17-75
57                android:value="androidx.startup" />
57-->[androidx.emoji2:emoji2:1.4.0] AndroidManifest.xml:31:17-49
58            <meta-data
58-->[androidx.lifecycle:lifecycle-process:2.10.0] AndroidManifest.xml:29:13-31:52
59                android:name="androidx.lifecycle.ProcessLifecycleInitializer"
59-->[androidx.lifecycle:lifecycle-process:2.10.0] AndroidManifest.xml:30:17-78
60                android:value="androidx.startup" />
60-->[androidx.lifecycle:lifecycle-process:2.10.0] AndroidManifest.xml:31:17-49
61            <meta-data
61-->[androidx.profileinstaller:profileinstaller:1.4.0] AndroidManifest.xml:29:13-31:52
62                android:name="androidx.profileinstaller.ProfileInstallerInitializer"
62-->[androidx.profileinstaller:profileinstaller:1.4.0] AndroidManifest.xml:30:17-85
63                android:value="androidx.startup" />
63-->[androidx.profileinstaller:profileinstaller:1.4.0] AndroidManifest.xml:31:17-49
64        </provider>
65
66        <uses-library
66-->[androidx.window:window:1.5.0] AndroidManifest.xml:23:9-25:40
67            android:name="androidx.window.extensions"
67-->[androidx.window:window:1.5.0] AndroidManifest.xml:24:13-54
68            android:required="false" />
68-->[androidx.window:window:1.5.0] AndroidManifest.xml:25:13-37
69        <uses-library
69-->[androidx.window:window:1.5.0] AndroidManifest.xml:26:9-28:40
70            android:name="androidx.window.sidecar"
70-->[androidx.window:window:1.5.0] AndroidManifest.xml:27:13-51
71            android:required="false" />
71-->[androidx.window:window:1.5.0] AndroidManifest.xml:28:13-37
72
73        <activity
73-->[androidx.compose.ui:ui-test-manifest:1.11.0] AndroidManifest.xml:23:9-26:79
74            android:name="androidx.activity.ComponentActivity"
74-->[androidx.compose.ui:ui-test-manifest:1.11.0] AndroidManifest.xml:24:13-63
75            android:exported="true"
75-->[androidx.compose.ui:ui-test-manifest:1.11.0] AndroidManifest.xml:25:13-36
76            android:theme="@android:style/Theme.Material.Light.NoActionBar" />
76-->[androidx.compose.ui:ui-test-manifest:1.11.0] AndroidManifest.xml:26:13-76
77
78        <receiver
78-->[androidx.profileinstaller:profileinstaller:1.4.0] AndroidManifest.xml:34:9-52:20
79            android:name="androidx.profileinstaller.ProfileInstallReceiver"
79-->[androidx.profileinstaller:profileinstaller:1.4.0] AndroidManifest.xml:35:13-76
80            android:directBootAware="false"
80-->[androidx.profileinstaller:profileinstaller:1.4.0] AndroidManifest.xml:36:13-44
81            android:enabled="true"
81-->[androidx.profileinstaller:profileinstaller:1.4.0] AndroidManifest.xml:37:13-35
82            android:exported="true"
82-->[androidx.profileinstaller:profileinstaller:1.4.0] AndroidManifest.xml:38:13-36
83            android:permission="android.permission.DUMP" >
83-->[androidx.profileinstaller:profileinstaller:1.4.0] AndroidManifest.xml:39:13-57
84            <intent-filter>
84-->[androidx.profileinstaller:profileinstaller:1.4.0] AndroidManifest.xml:40:13-42:29
85                <action android:name="androidx.profileinstaller.action.INSTALL_PROFILE" />
85-->[androidx.profileinstaller:profileinstaller:1.4.0] AndroidManifest.xml:41:17-91
85-->[androidx.profileinstaller:profileinstaller:1.4.0] AndroidManifest.xml:41:25-88
86            </intent-filter>
87            <intent-filter>
87-->[androidx.profileinstaller:profileinstaller:1.4.0] AndroidManifest.xml:43:13-45:29
88                <action android:name="androidx.profileinstaller.action.SKIP_FILE" />
88-->[androidx.profileinstaller:profileinstaller:1.4.0] AndroidManifest.xml:44:17-85
88-->[androidx.profileinstaller:profileinstaller:1.4.0] AndroidManifest.xml:44:25-82
89            </intent-filter>
90            <intent-filter>
90-->[androidx.profileinstaller:profileinstaller:1.4.0] AndroidManifest.xml:46:13-48:29
91                <action android:name="androidx.profileinstaller.action.SAVE_PROFILE" />
91-->[androidx.profileinstaller:profileinstaller:1.4.0] AndroidManifest.xml:47:17-88
91-->[androidx.profileinstaller:profileinstaller:1.4.0] AndroidManifest.xml:47:25-85
92            </intent-filter>
93            <intent-filter>
93-->[androidx.profileinstaller:profileinstaller:1.4.0] AndroidManifest.xml:49:13-51:29
94                <action android:name="androidx.profileinstaller.action.BENCHMARK_OPERATION" />
94-->[androidx.profileinstaller:profileinstaller:1.4.0] AndroidManifest.xml:50:17-95
94-->[androidx.profileinstaller:profileinstaller:1.4.0] AndroidManifest.xml:50:25-92
95            </intent-filter>
96        </receiver>
97    </application>
98
99</manifest>